2023-01-08 15:03:43,409 INFO  [org.jboss.modules] (main) JBoss Modules version 1.9.1.Final-redhat-00001
2023-01-08 15:03:44,832 INFO  [org.jboss.msc] (main) JBoss MSC version 1.4.11.Final-redhat-00001
2023-01-08 15:03:44,852 INFO  [org.jboss.threads] (main) JBoss Threads version 2.3.3.Final-redhat-00001
2023-01-08 15:03:45,077 INFO  [org.jboss.as] (MSC service thread 1-1) WFLYSRV0049: JBoss EAP 7.3.0.GA (WildFly Core 10.1.2.Final-redhat-00001) iniciando
2023-01-08 15:03:45,081 DEBUG [org.jboss.as.config] (MSC service thread 1-1) Propiedades del sistema configuradas:
	file.encoding = UTF-8
	file.separator = \
	java.awt.headless = true
	java.class.path = C:\Desarrollo\IDE\Servidor IDE\jboss-eap-7.3\jboss-modules.jar
	java.class.version = 61.0
	java.home = C:\Desarrollo\IDE\sts-4.16.1.RELEASE\plugins\org.eclipse.justj.openjdk.hotspot.jre.full.win32.x86_64_17.0.4.v20221004-1257\jre
	java.io.tmpdir = C:\Users\CESARP~1\AppData\Local\Temp\
	java.library.path = C:\Desarrollo\IDE\sts-4.16.1.RELEASE\plugins\org.eclipse.justj.openjdk.hotspot.jre.full.win32.x86_64_17.0.4.v20221004-1257\jre\bin;C:\Windows\Sun\Java\bin;C:\Windows\system32;C:\Windows;native;C:/Desarrollo/IDE/sts-4.16.1.RELEASE//plugins/org.eclipse.justj.openjdk.hotspot.jre.full.win32.x86_64_17.0.4.v20221004-1257/jre/bin/server;C:/Desarrollo/IDE/sts-4.16.1.RELEASE//plugins/org.eclipse.justj.openjdk.hotspot.jre.full.win32.x86_64_17.0.4.v20221004-1257/jre/bin;C:\oraclexe\app\oracle\product\11.2.0\server\bin;;C:\Program Files (x86)\Common Files\Oracle\Java\javapath;C:\Windows\system32;C:\Windows;C:\Windows\System32\Wbem;C:\Windows\System32\WindowsPowerShell\v1.0\;C:\Windows\System32\OpenSSH\;C:\Program Files\Java\jdk1.8.0_341\bin;C:\Program Files\apache-maven-3.8.6\bin;C:\Program Files\Git\cmd;C:\Program Files\nodejs;C:\Users\Cesar Perez\AppData\Local\Microsoft\WindowsApps;C:\Users\Cesar Perez\AppData\Local\Programs\Microsoft VS Code\bin;C:\Desarrollo\IDE\sts-4.16.1.RELEASE;;.
	java.net.preferIPv4Stack = true
	java.runtime.name = OpenJDK Runtime Environment
	java.runtime.version = 17.0.4.1+1
	java.specification.name = Java Platform API Specification
	java.specification.vendor = Oracle Corporation
	java.specification.version = 17
	java.util.logging.manager = org.jboss.logmanager.LogManager
	java.vendor = Eclipse Adoptium
	java.vendor.url = https://adoptium.net/
	java.vendor.url.bug = https://github.com/adoptium/adoptium-support/issues
	java.vendor.version = Temurin-17.0.4.1+1
	java.version = 17.0.4.1
	java.version.date = 2022-08-12
	java.vm.compressedOopsMode = 32-bit
	java.vm.info = mixed mode
	java.vm.name = OpenJDK 64-Bit Server VM
	java.vm.specification.name = Java Virtual Machine Specification
	java.vm.specification.vendor = Oracle Corporation
	java.vm.specification.version = 17
	java.vm.vendor = Eclipse Adoptium
	java.vm.version = 17.0.4.1+1
	javax.management.builder.initial = org.jboss.as.jmx.PluggableMBeanServerBuilder
	jboss.bind.address = localhost
	jboss.bind.address.management = localhost
	jboss.home.dir = C:\Desarrollo\IDE\Servidor IDE\jboss-eap-7.3
	jboss.host.name = desktop-85q69qe
	jboss.modules.dir = C:\Desarrollo\IDE\Servidor IDE\jboss-eap-7.3\modules
	jboss.modules.system.pkgs = org.jboss.byteman
	jboss.node.name = desktop-85q69qe
	jboss.qualified.host.name = desktop-85q69qe
	jboss.server.base.dir = C:\Desarrollo\IDE\Servidor IDE\jboss-eap-7.3\standalone
	jboss.server.config.dir = C:\Desarrollo\IDE\Servidor IDE\jboss-eap-7.3\standalone\configuration
	jboss.server.data.dir = C:\Desarrollo\IDE\Servidor IDE\jboss-eap-7.3\standalone\data
	jboss.server.deploy.dir = C:\Desarrollo\IDE\Servidor IDE\jboss-eap-7.3\standalone\data\content
	jboss.server.log.dir = C:\Desarrollo\IDE\Servidor IDE\jboss-eap-7.3\standalone\log
	jboss.server.name = desktop-85q69qe
	jboss.server.persist.config = true
	jboss.server.temp.dir = C:\Desarrollo\IDE\Servidor IDE\jboss-eap-7.3\standalone\tmp
	jdk.debug = release
	line.separator = 

	logging.configuration = file:C:\Desarrollo\IDE\Servidor IDE\jboss-eap-7.3\standalone\configuration\logging.properties
	module.path = C:\Desarrollo\IDE\Servidor IDE\jboss-eap-7.3\modules
	native.encoding = Cp1252
	org.jboss.boot.log.file = C:\Desarrollo\IDE\Servidor IDE\jboss-eap-7.3\standalone\log\boot.log
	org.jboss.logmanager.nocolor = true
	org.jboss.resolver.warning = true
	os.arch = amd64
	os.name = Windows 10
	os.version = 10.0
	path.separator = ;
	program.name = JBossTools: Red Hat JBoss EAP 7.3
	sun.arch.data.model = 64
	sun.boot.library.path = C:\Desarrollo\IDE\sts-4.16.1.RELEASE\plugins\org.eclipse.justj.openjdk.hotspot.jre.full.win32.x86_64_17.0.4.v20221004-1257\jre\bin
	sun.cpu.endian = little
	sun.cpu.isalist = amd64
	sun.io.unicode.encoding = UnicodeLittle
	sun.java.command = org.jboss.modules.Main -mp C:\Desarrollo\IDE\Servidor IDE\jboss-eap-7.3\modules org.jboss.as.standalone -b localhost --server-config=standalone.xml -Djboss.server.base.dir=C:\Desarrollo\IDE\Servidor IDE\jboss-eap-7.3\standalone
	sun.java.launcher = SUN_STANDARD
	sun.jnu.encoding = Cp1252
	sun.management.compiler = HotSpot 64-Bit Tiered Compilers
	sun.os.patch.level = 
	sun.rmi.dgc.client.gcInterval = 3600000
	sun.rmi.dgc.server.gcInterval = 3600000
	user.country = MX
	user.dir = C:\Desarrollo\IDE\Servidor IDE\jboss-eap-7.3\bin
	user.home = C:\Users\Cesar Perez
	user.language = es
	user.name = Cesar Perez
	user.script = 
	user.timezone = America/Mexico_City
	user.variant = 
2023-01-08 15:03:45,092 DEBUG [org.jboss.as.config] (MSC service thread 1-1) Argumentos de VM: -Dprogram.name=JBossTools: Red Hat JBoss EAP 7.3 -Xms1303m -Xmx1303m -XX:MetaspaceSize=96M -XX:MaxMetaspaceSize=256m -Dorg.jboss.resolver.warning=true -Djava.net.preferIPv4Stack=true -Dsun.rmi.dgc.client.gcInterval=3600000 -Dsun.rmi.dgc.server.gcInterval=3600000 -Djboss.modules.system.pkgs=org.jboss.byteman -Djava.awt.headless=true -Dorg.jboss.boot.log.file=C:\Desarrollo\IDE\Servidor IDE\jboss-eap-7.3\standalone\log\boot.log -Dlogging.configuration=file:C:\Desarrollo\IDE\Servidor IDE\jboss-eap-7.3\standalone\configuration\logging.properties -Djboss.home.dir=C:\Desarrollo\IDE\Servidor IDE\jboss-eap-7.3 -Dorg.jboss.logmanager.nocolor=true --add-exports=java.desktop/sun.awt=ALL-UNNAMED --add-exports=java.naming/com.sun.jndi.ldap=ALL-UNNAMED --add-opens=java.base/java.lang=ALL-UNNAMED --add-opens=java.base/java.lang.invoke=ALL-UNNAMED --add-opens=java.base/java.lang.reflect=ALL-UNNAMED --add-opens=java.base/java.io=ALL-UNNAMED --add-opens=java.base/java.security=ALL-UNNAMED --add-opens=java.base/java.util=ALL-UNNAMED --add-opens=java.base/java.util.concurrent=ALL-UNNAMED --add-opens=java.management/javax.management=ALL-UNNAMED --add-opens=java.naming/javax.naming=ALL-UNNAMED --add-exports=java.base/sun.nio.ch=ALL-UNNAMED --add-exports=jdk.unsupported/sun.misc=ALL-UNNAMED --add-exports=jdk.unsupported/sun.reflect=ALL-UNNAMED --add-modules=java.se -Djboss.bind.address.management=localhost -Dfile.encoding=UTF-8 -XX:+ShowCodeDetailsInExceptionMessages 
2023-01-08 15:03:47,179 INFO  [org.wildfly.security] (ServerService Thread Pool -- 27) ELY00001: WildFly Elytron version 1.10.4.Final-redhat-00001
2023-01-08 15:03:50,378 INFO  [org.jboss.as.controller.management-deprecated] (Controller Boot Thread) WFLYCTL0028: El atributo 'security-realm' en el recurso en la dirección '/core-service=management/management-interface=http-interface' quedó obsoleto y quizás sea retirado en una versión futura. Consulte la descripción de atributos en la salida de la operación read-resource-description para aprender más sobre la depreciación.
2023-01-08 15:03:50,461 INFO  [org.jboss.as.controller.management-deprecated] (ServerService Thread Pool -- 27) WFLYCTL0028: El atributo 'security-realm' en el recurso en la dirección '/subsystem=undertow/server=default-server/https-listener=https' quedó obsoleto y quizás sea retirado en una versión futura. Consulte la descripción de atributos en la salida de la operación read-resource-description para aprender más sobre la depreciación.
2023-01-08 15:03:50,589 INFO  [org.jboss.as.server.deployment.scanner] (DeploymentScanner-threads - 1) WFLYDS0004: Se encontró ExampleSpringJDBC-0.0.1-SNAPSHOT.war en el directorio de implementación. Para disparar la implementación cree un archivo llamado ExampleSpringJDBC-0.0.1-SNAPSHOT.war.dodeploy
2023-01-08 15:03:50,676 INFO  [org.jboss.as.server] (Controller Boot Thread) WFLYSRV0039: Creando el servicio de administración http utilizando el enlace de socket (management-http) 
2023-01-08 15:03:50,708 INFO  [org.xnio] (MSC service thread 1-2) XNIO version 3.7.7.Final-redhat-00001
2023-01-08 15:03:50,722 INFO  [org.xnio.nio] (MSC service thread 1-2) XNIO NIO Implementation Version 3.7.7.Final-redhat-00001
2023-01-08 15:03:50,861 INFO  [org.jboss.as.connector.subsystems.datasources] (ServerService Thread Pool -- 43) WFLYJCA0004: Implementación del controlador que cumple con los requerimientos de JDBC class org.h2.Driver (versión 1.4)
2023-01-08 15:03:50,871 INFO  [org.wildfly.extension.io] (ServerService Thread Pool -- 52) WFLYIO001: Worker 'default' ha configurado automáticamente los hilos de núcleo 8 con los hilos de tareas 64 en base a los procesadores 4 disponibles.
2023-01-08 15:03:50,910 INFO  [org.jboss.as.clustering.infinispan] (ServerService Thread Pool -- 51) WFLYCLINF0001: Activando el sub-sistema Infinispan.
2023-01-08 15:03:50,912 INFO  [org.wildfly.extension.microprofile.config.smallrye._private] (ServerService Thread Pool -- 60) WFLYCONF0001: Activación del subsistema de configuración WildFly MicroProfile
2023-01-08 15:03:50,925 INFO  [org.wildfly.extension.microprofile.opentracing] (ServerService Thread Pool -- 63) WFLYTRACEXT0001: Activación del subsistema MicroProfile OpenTracing
2023-01-08 15:03:50,930 INFO  [org.jboss.as.jsf] (ServerService Thread Pool -- 58) WFLYJSF0007: Se activaron las siguientes implementaciones JSF: [main]
2023-01-08 15:03:50,948 INFO  [org.wildfly.extension.microprofile.health.smallrye] (ServerService Thread Pool -- 61) WFLYHEALTH0001: Activación del subsistema de estado de Eclipse MicroProfile
2023-01-08 15:03:50,952 INFO  [org.wildfly.extension.microprofile.metrics.smallrye] (ServerService Thread Pool -- 62) WFLYMETRICS0001: Activación del subsistema de métricas de Eclipse MicroProfile
2023-01-08 15:03:51,010 INFO  [org.jboss.remoting] (MSC service thread 1-1) JBoss Remoting version 5.0.16.Final-redhat-00001
2023-01-08 15:03:51,017 INFO  [org.jboss.as.naming] (ServerService Thread Pool -- 64) WFLYNAM0001: Activando el sub-sistema de nombrado
2023-01-08 15:03:51,064 WARN  [org.jboss.as.txn] (ServerService Thread Pool -- 72) WFLYTX0013: El atributo node-identifier del /subsystem=transactions está configurado como el valor predeterminado. Esto es peligroso para los entornos que ejecutan varios servidores. Asegúrese de que el valor del atributo sea único.
2023-01-08 15:03:51,174 INFO  [org.jboss.as.connector] (MSC service thread 1-1) WFLYJCA0009: Iniciando JCA sub-sistema (WildFly/IronJacamar 1.4.19.Final-redhat-00001)
2023-01-08 15:03:51,194 INFO  [org.jboss.as.webservices] (ServerService Thread Pool -- 74) WFLYWS0002: Activando WebServices Extension
2023-01-08 15:03:51,231 INFO  [org.jboss.as.security] (ServerService Thread Pool -- 70) WFLYSEC0002: Activando el sub-sistema de seguridad
2023-01-08 15:03:51,283 INFO  [org.jboss.as.connector.deployers.jdbc] (MSC service thread 1-8) WFLYJCA0018: Servicio de controlador iniciado con driver-name = h2
2023-01-08 15:03:51,288 INFO  [org.jboss.as.security] (MSC service thread 1-8) WFLYSEC0001: Versión PicketBox actual=5.0.3.Final-redhat-00005
2023-01-08 15:03:51,360 INFO  [org.jboss.as.naming] (MSC service thread 1-1) WFLYNAM0003: Iniciando el servicio de nombrado
2023-01-08 15:03:51,380 INFO  [org.wildfly.extension.undertow] (MSC service thread 1-7) WFLYUT0003: Undertow 2.0.28.SP1-redhat-00001 iniciando
2023-01-08 15:03:51,397 INFO  [org.jboss.as.mail.extension] (MSC service thread 1-7) WFLYMAIL0001: Sesión de correo enlazada [java:jboss/mail/Default]
2023-01-08 15:03:51,513 INFO  [org.jboss.as.jaxrs] (ServerService Thread Pool -- 53) WFLYRS0016: RESTEasy versión 3.9.3.SP1-redhat-00001
2023-01-08 15:03:51,636 INFO  [org.wildfly.extension.undertow] (ServerService Thread Pool -- 73) WFLYUT0014: Creación de controlador de archivos para la ruta de acceso 'C:\Desarrollo\IDE\Servidor IDE\jboss-eap-7.3/welcome-content' con las opciones s [directory-listing: 'false', follow-symlink: 'false', case-sensitive: 'true', safe-symlink-paths: '[]']
2023-01-08 15:03:51,688 INFO  [org.wildfly.extension.undertow] (MSC service thread 1-7) WFLYUT0012: El servidor ha iniciado default-server.
2023-01-08 15:03:51,696 INFO  [org.wildfly.extension.undertow] (MSC service thread 1-8) WFLYUT0018: Host default-host iniciando
2023-01-08 15:03:51,944 INFO  [org.jboss.as.ejb3] (MSC service thread 1-4) WFLYEJB0482: El grupo estricto mdb-strict-max-pool utiliza un tamaño de instancia máximo de 16 (por clase), el cual se deriva del número de CPUs en este host. 
2023-01-08 15:03:51,944 INFO  [org.jboss.as.ejb3] (MSC service thread 1-2) WFLYEJB0481: El grupo estricto (slsb-strict-max-pool utiliza un tamaño de instancia máximo de 64 (por clase), el cual se deriva del tamaño de grupo del Worker de hilos. 
2023-01-08 15:03:52,336 INFO  [org.wildfly.extension.undertow] (MSC service thread 1-7) WFLYUT0006: Undertow HTTP oyente default escuchando en 127.0.0.1:8080
2023-01-08 15:03:52,472 INFO  [org.jboss.as.ejb3] (MSC service thread 1-2) WFLYEJB0493: Suspensión del subsistema de EJB completa
2023-01-08 15:03:52,606 INFO  [org.jboss.as.connector.subsystems.datasources] (MSC service thread 1-3) WFLYJCA0001: Fuente de datos enlazados [java:jboss/datasources/ExampleDS]
2023-01-08 15:03:52,994 INFO  [org.jboss.as.patching] (MSC service thread 1-3) WFLYPAT0050: El ID de parche acumulativo JBoss EAP es: base, parches one-off incluyen: none
